<?xml version="1.0" encoding="UTF-8"?>
<!-- Generated by org.testng.reporters.JUnitReportReporter -->
<testsuite hostname="CJDellbook" failures="0" tests="1" name="testCases.TC002_LoginTest" time="1.283" errors="0" timestamp="2025-01-29T18:26:35 EST" skipped="0">
  <testcase classname="testCases.TC002_LoginTest" name="verify_login" time="1.283"/>
</testsuite> <!-- testCases.TC002_LoginTest -->
