<?xml version="1.0" encoding="UTF-8"?>
<!-- Generated by org.testng.reporters.JUnitReportReporter -->
<testsuite hostname="CJDellbook" failures="0" tests="1" name="testCases.TC001_AccountRegistrationTest" time="4.926" errors="0" timestamp="2025-01-29T22:12:49 EST" skipped="0">
  <testcase classname="testCases.TC001_AccountRegistrationTest" name="verify_account_registration" time="4.926"/>
</testsuite> <!-- testCases.TC001_AccountRegistrationTest -->
