<?xml version="1.0" encoding="UTF-8"?>
<!-- Generated by org.testng.reporters.JUnitReportReporter -->
<testsuite hostname="CJDellbook" failures="0" tests="1" name="testCases.TC002_LoginTest" time="2.314" errors="0" timestamp="2025-01-29T22:12:49 EST" skipped="0">
  <testcase classname="testCases.TC002_LoginTest" name="verify_login" time="2.314"/>
</testsuite> <!-- testCases.TC002_LoginTest -->
